<?xml version="1.0" encoding="UTF-8"?>
<!-- Generated by org.testng.reporters.JUnitXMLReporter -->
<testsuite hostname="ADMIN-PC" ignored="0" name="Test" tests="5" failures="0" timestamp="2020-05-01T13:03:53 IST" time="0.109" errors="0">
  <testcase name="Test1" time="0.017" classname="demo.TestNgGroups"/>
  <testcase name="Test2" time="0.002" classname="demo.TestNgGroups"/>
  <testcase name="Test3" time="0.003" classname="demo.TestNgGroups"/>
  <testcase name="Test4" time="0.001" classname="demo.TestNgGroups"/>
  <testcase name="Test5" time="0.002" classname="demo.TestNgGroups"/>
</testsuite> <!-- Test -->
